This is pdfTeX, Version 3.14159265-2.6-1.40.19 (TeX Live 2018/W32TeX) (preloaded format=pdflatex 2019.4.15)  30 OCT 2019 09:55
entering extended mode
 restricted \write18 enabled.
 %&-line parsing enabled.
**ODSC_Document01.tex
(./ODSC_Document01.tex
LaTeX2e <2018-12-01>

(c:/Users/us16120/AppData/Roaming/TinyTeX/texmf-dist/tex/latex/tufte-latex/tuft
e-handout.cls
Document Class: tufte-handout 2015/06/21 v3.5.2 Tufte-handout class

(c:/Users/us16120/AppData/Roaming/TinyTeX/texmf-dist/tex/latex/tufte-latex/tuft
e-common.def
File: tufte-common.def 2015/06/21 v3.5.2 Common code for the Tufte-LaTeX styles


(c:/Users/us16120/AppData/Roaming/TinyTeX/texmf-dist/tex/latex/xkeyval/xkeyval.
sty
Package: xkeyval 2014/12/03 v2.7a package option processing (HA)

(c:/Users/us16120/AppData/Roaming/TinyTeX/texmf-dist/tex/generic/xkeyval/xkeyva
l.tex
(c:/Users/us16120/AppData/Roaming/TinyTeX/texmf-dist/tex/generic/xkeyval/xkvuti
ls.tex
\XKV@toks=\toks14
\XKV@tempa@toks=\toks15

(c:/Users/us16120/AppData/Roaming/TinyTeX/texmf-dist/tex/generic/xkeyval/keyval
.tex))
\XKV@depth=\count80
File: xkeyval.tex 2014/12/03 v2.7a key=value parser (HA)
))
(c:/Users/us16120/AppData/Roaming/TinyTeX/texmf-dist/tex/latex/xifthen/xifthen.
sty
Package: xifthen 2015/11/05 v1.4.0 Extended ifthen features
(c:/Users/us16120/AppData/Roaming/TinyTeX/texmf-dist/tex/latex/tools/calc.sty
Package: calc 2017/05/25 v4.3 Infix arithmetic (KKT,FJ)
\calc@Acount=\count81
\calc@Bcount=\count82
\calc@Adimen=\dimen102
\calc@Bdimen=\dimen103
\calc@Askip=\skip41
\calc@Bskip=\skip42
LaTeX Info: Redefining \setlength on input line 80.
LaTeX Info: Redefining \addtolength on input line 81.
\calc@Ccount=\count83
\calc@Cskip=\skip43
) (c:/Users/us16120/AppData/Roaming/TinyTeX/texmf-dist/tex/latex/base/ifthen.st
y
Package: ifthen 2014/09/29 v1.1c Standard LaTeX ifthen package (DPC)
)
(c:/Users/us16120/AppData/Roaming/TinyTeX/texmf-dist/tex/latex/ifmtarg/ifmtarg.
sty
Package: ifmtarg 2018/04/16 v1.2b check for an empty argument
))
(c:/Users/us16120/AppData/Roaming/TinyTeX/texmf-dist/tex/latex/hardwrap/hardwra
p.sty
Package: hardwrap 2011/02/12 v0.2 Hard wrap messages

(c:/Users/us16120/AppData/Roaming/TinyTeX/texmf-dist/tex/generic/oberdiek/pdfte
xcmds.sty
Package: pdftexcmds 2018/09/10 v0.29 Utility functions of pdfTeX for LuaTeX (HO
)

(c:/Users/us16120/AppData/Roaming/TinyTeX/texmf-dist/tex/generic/oberdiek/infwa
rerr.sty
Package: infwarerr 2016/05/16 v1.4 Providing info/warning/error messages (HO)
)
(c:/Users/us16120/AppData/Roaming/TinyTeX/texmf-dist/tex/generic/oberdiek/iflua
tex.sty
Package: ifluatex 2016/05/16 v1.4 Provides the ifluatex switch (HO)
Package ifluatex Info: LuaTeX not detected.
)
(c:/Users/us16120/AppData/Roaming/TinyTeX/texmf-dist/tex/generic/oberdiek/ltxcm
ds.sty
Package: ltxcmds 2016/05/16 v1.23 LaTeX kernel commands for general use (HO)
)
(c:/Users/us16120/AppData/Roaming/TinyTeX/texmf-dist/tex/generic/oberdiek/ifpdf
.sty
Package: ifpdf 2018/09/07 v3.3 Provides the ifpdf switch
)
Package pdftexcmds Info: LuaTeX not detected.
Package pdftexcmds Info: \pdf@primitive is available.
Package pdftexcmds Info: \pdf@ifprimitive is available.
Package pdftexcmds Info: \pdfdraftmode found.
)
(c:/Users/us16120/AppData/Roaming/TinyTeX/texmf-dist/tex/generic/ifxetex/ifxete
x.sty
Package: ifxetex 2010/09/12 v0.6 Provides ifxetex conditional
)
\hw@charcount=\count84
\hw@wordcount=\count85
\hw@maxprintline=\count86
)
Class tufte-handout Info: Loading the base class `article'

(c:/Users/us16120/AppData/Roaming/TinyTeX/texmf-dist/tex/latex/base/article.cls
Document Class: article 2018/09/03 v1.4i Standard LaTeX document class
(c:/Users/us16120/AppData/Roaming/TinyTeX/texmf-dist/tex/latex/base/size10.clo
File: size10.clo 2018/09/03 v1.4i Standard LaTeX file (size option)
)
\c@part=\count87
\c@section=\count88
\c@subsection=\count89
\c@subsubsection=\count90
\c@paragraph=\count91
\c@subparagraph=\count92
\c@figure=\count93
\c@table=\count94
\abovecaptionskip=\skip44
\belowcaptionskip=\skip45
\bibindent=\dimen104
)
(c:/Users/us16120/AppData/Roaming/TinyTeX/texmf-dist/tex/latex/titlesec/titlese
c.sty
Package: titlesec 2016/03/21 v2.10.2 Sectioning titles
\ttl@box=\box27
\beforetitleunit=\skip46
\aftertitleunit=\skip47
\ttl@plus=\dimen105
\ttl@minus=\dimen106
\ttl@toksa=\toks16
\titlewidth=\dimen107
\titlewidthlast=\dimen108
\titlewidthfirst=\dimen109
)
(c:/Users/us16120/AppData/Roaming/TinyTeX/texmf-dist/tex/latex/titlesec/titleto
c.sty
Package: titletoc 2011/12/15 v1.6 TOC entries
\ttl@leftsep=\dimen110
)
(c:/Users/us16120/AppData/Roaming/TinyTeX/texmf-dist/tex/latex/hyperref/hyperre
f.sty
Package: hyperref 2018/11/30 v6.88e Hypertext links for LaTeX

(c:/Users/us16120/AppData/Roaming/TinyTeX/texmf-dist/tex/generic/oberdiek/hobsu
b-hyperref.sty
Package: hobsub-hyperref 2016/05/16 v1.14 Bundle oberdiek, subset hyperref (HO)


(c:/Users/us16120/AppData/Roaming/TinyTeX/texmf-dist/tex/generic/oberdiek/hobsu
b-generic.sty
Package: hobsub-generic 2016/05/16 v1.14 Bundle oberdiek, subset generic (HO)
Package: hobsub 2016/05/16 v1.14 Construct package bundles (HO)
Package hobsub Info: Skipping package `infwarerr' (already loaded).
Package hobsub Info: Skipping package `ltxcmds' (already loaded).
Package hobsub Info: Skipping package `ifluatex' (already loaded).
Package: ifvtex 2016/05/16 v1.6 Detect VTeX and its facilities (HO)
Package ifvtex Info: VTeX not detected.
Package: intcalc 2016/05/16 v1.2 Expandable calculations with integers (HO)
Package hobsub Info: Skipping package `ifpdf' (already loaded).
Package: etexcmds 2016/05/16 v1.6 Avoid name clashes with e-TeX commands (HO)
Package etexcmds Info: Could not find \expanded.
(etexcmds)             That can mean that you are not using pdfTeX 1.50 or
(etexcmds)             that some package has redefined \expanded.
(etexcmds)             In the latter case, load this package earlier.
Package: kvsetkeys 2016/05/16 v1.17 Key value parser (HO)
Package: kvdefinekeys 2016/05/16 v1.4 Define keys (HO)
Package hobsub Info: Skipping package `pdftexcmds' (already loaded).
Package: pdfescape 2016/05/16 v1.14 Implements pdfTeX's escape features (HO)
Package: bigintcalc 2016/05/16 v1.4 Expandable calculations on big integers (HO
)
Package: bitset 2016/05/16 v1.2 Handle bit-vector datatype (HO)
Package: uniquecounter 2016/05/16 v1.3 Provide unlimited unique counter (HO)
)
Package hobsub Info: Skipping package `hobsub' (already loaded).
Package: letltxmacro 2016/05/16 v1.5 Let assignment for LaTeX macros (HO)
Package: hopatch 2016/05/16 v1.3 Wrapper for package hooks (HO)
Package: xcolor-patch 2016/05/16 xcolor patch
Package: atveryend 2016/05/16 v1.9 Hooks at the very end of document (HO)
Package atveryend Info: \enddocument detected (standard20110627).
Package: atbegshi 2016/06/09 v1.18 At begin shipout hook (HO)
Package: refcount 2016/05/16 v3.5 Data extraction from label references (HO)
Package: hycolor 2016/05/16 v1.8 Color options for hyperref/bookmark (HO)
)
(c:/Users/us16120/AppData/Roaming/TinyTeX/texmf-dist/tex/latex/oberdiek/auxhook
.sty
Package: auxhook 2016/05/16 v1.4 Hooks for auxiliary files (HO)
)
(c:/Users/us16120/AppData/Roaming/TinyTeX/texmf-dist/tex/latex/oberdiek/kvoptio
ns.sty
Package: kvoptions 2016/05/16 v3.12 Key value format for package options (HO)
)
\@linkdim=\dimen111
\Hy@linkcounter=\count95
\Hy@pagecounter=\count96

(c:/Users/us16120/AppData/Roaming/TinyTeX/texmf-dist/tex/latex/hyperref/pd1enc.
def
File: pd1enc.def 2018/11/30 v6.88e Hyperref: PDFDocEncoding definition (HO)
Now handling font encoding PD1 ...
... no UTF-8 mapping file for font encoding PD1
)
\Hy@SavedSpaceFactor=\count97

(c:/Users/us16120/AppData/Roaming/TinyTeX/texmf-dist/tex/latex/latexconfig/hype
rref.cfg
File: hyperref.cfg 2002/06/06 v1.2 hyperref configuration of TeXLive
)
Package hyperref Info: Option `unicode' set `true' on input line 4393.

(c:/Users/us16120/AppData/Roaming/TinyTeX/texmf-dist/tex/latex/hyperref/puenc.d
ef
File: puenc.def 2018/11/30 v6.88e Hyperref: PDF Unicode definition (HO)
Now handling font encoding PU ...
... no UTF-8 mapping file for font encoding PU
)
Package hyperref Info: Option `hyperfootnotes' set `false' on input line 4393.
Package hyperref Info: Hyper figures OFF on input line 4519.
Package hyperref Info: Link nesting OFF on input line 4524.
Package hyperref Info: Hyper index ON on input line 4527.
Package hyperref Info: Plain pages OFF on input line 4534.
Package hyperref Info: Backreferencing OFF on input line 4539.
Package hyperref Info: Implicit mode ON; LaTeX internals redefined.
Package hyperref Info: Bookmarks ON on input line 4772.
\c@Hy@tempcnt=\count98
(c:/Users/us16120/AppData/Roaming/TinyTeX/texmf-dist/tex/latex/url/url.sty
\Urlmuskip=\muskip10
Package: url 2013/09/16  ver 3.4  Verb mode for urls, etc.
)
LaTeX Info: Redefining \url on input line 5125.
\XeTeXLinkMargin=\dimen112
\Fld@menulength=\count99
\Field@Width=\dimen113
\Fld@charsize=\dimen114
Package hyperref Info: Hyper figures OFF on input line 6380.
Package hyperref Info: Link nesting OFF on input line 6385.
Package hyperref Info: Hyper index ON on input line 6388.
Package hyperref Info: backreferencing OFF on input line 6395.
Package hyperref Info: Link coloring OFF on input line 6400.
Package hyperref Info: Link coloring with OCG OFF on input line 6405.
Package hyperref Info: PDF/A mode OFF on input line 6410.
LaTeX Info: Redefining \ref on input line 6450.
LaTeX Info: Redefining \pageref on input line 6454.
\Hy@abspage=\count100
\c@Item=\count101
)
Package hyperref Info: Driver (autodetected): hpdftex.

(c:/Users/us16120/AppData/Roaming/TinyTeX/texmf-dist/tex/latex/hyperref/hpdftex
.def
File: hpdftex.def 2018/11/30 v6.88e Hyperref driver for pdfTeX
\Fld@listcount=\count102
\c@bookmark@seq@number=\count103

(c:/Users/us16120/AppData/Roaming/TinyTeX/texmf-dist/tex/latex/oberdiek/rerunfi
lecheck.sty
Package: rerunfilecheck 2016/05/16 v1.8 Rerun checks for auxiliary files (HO)
Package uniquecounter Info: New unique counter `rerunfilecheck' on input line 2
82.
)
\Hy@SectionHShift=\skip48
) (c:/Users/us16120/AppData/Roaming/TinyTeX/texmf-dist/tex/latex/ms/ragged2e.st
y
Package: ragged2e 2009/05/21 v2.1 ragged2e Package (MS)
(c:/Users/us16120/AppData/Roaming/TinyTeX/texmf-dist/tex/latex/ms/everysel.sty
Package: everysel 2011/10/28 v1.2 EverySelectfont Package (MS)
)
\CenteringLeftskip=\skip49
\RaggedLeftLeftskip=\skip50
\RaggedRightLeftskip=\skip51
\CenteringRightskip=\skip52
\RaggedLeftRightskip=\skip53
\RaggedRightRightskip=\skip54
\CenteringParfillskip=\skip55
\RaggedLeftParfillskip=\skip56
\RaggedRightParfillskip=\skip57
\JustifyingParfillskip=\skip58
\CenteringParindent=\skip59
\RaggedLeftParindent=\skip60
\RaggedRightParindent=\skip61
\JustifyingParindent=\skip62
)
(c:/Users/us16120/AppData/Roaming/TinyTeX/texmf-dist/tex/latex/geometry/geometr
y.sty
Package: geometry 2018/04/16 v5.8 Page Geometry
\Gm@cnth=\count104
\Gm@cntv=\count105
\c@Gm@tempcnt=\count106
\Gm@bindingoffset=\dimen115
\Gm@wd@mp=\dimen116
\Gm@odd@mp=\dimen117
\Gm@even@mp=\dimen118
\Gm@layoutwidth=\dimen119
\Gm@layoutheight=\dimen120
\Gm@layouthoffset=\dimen121
\Gm@layoutvoffset=\dimen122
\Gm@dimlist=\toks17
)
(c:/Users/us16120/AppData/Roaming/TinyTeX/texmf-dist/tex/latex/changepage/chang
epage.sty
Package: changepage 2009/10/20 v1.0c check page and change page layout
\c@cp@cntr=\count107
\cp@tempcnt=\count108
)
\@tufte@overhang=\skip63
\@tufte@fullwidth=\skip64
\@tufte@caption@fill=\skip65

(c:/Users/us16120/AppData/Roaming/TinyTeX/texmf-dist/tex/latex/paralist/paralis
t.sty
Package: paralist 2017/01/22 v2.7 Extended list environments
\pltopsep=\skip66
\plpartopsep=\skip67
\plitemsep=\skip68
\plparsep=\skip69
\pl@lab=\toks18
)
(c:/Users/us16120/AppData/Roaming/TinyTeX/texmf-dist/tex/latex/textcase/textcas
e.sty
Package: textcase 2004/10/07 v0.07 Text only upper/lower case changing (DPC)
)
(c:/Users/us16120/AppData/Roaming/TinyTeX/texmf-dist/tex/latex/microtype/letter
space.sty
Package: letterspace 2018/01/14 v2.7a Robust letterspacing (RS)
LaTeX Info: Redefining \lsstyle on input line 345.
LaTeX Info: Redefining \lslig on input line 346.
LaTeX Info: Redefining \textls on input line 371.
\MT@outer@kern=\dimen123
)
(c:/Users/us16120/AppData/Roaming/TinyTeX/texmf-dist/tex/latex/setspace/setspac
e.sty
Package: setspace 2011/12/19 v6.7a set line spacing
)
(c:/Users/us16120/AppData/Roaming/TinyTeX/texmf-dist/tex/latex/xcolor/xcolor.st
y
Package: xcolor 2016/05/11 v2.12 LaTeX color extensions (UK)

(c:/Users/us16120/AppData/Roaming/TinyTeX/texmf-dist/tex/latex/graphics-cfg/col
or.cfg
File: color.cfg 2016/01/02 v1.6 sample color configuration
)
Package xcolor Info: Package option `usenames' ignored on input line 216.
Package xcolor Info: Driver file: pdftex.def on input line 225.

(c:/Users/us16120/AppData/Roaming/TinyTeX/texmf-dist/tex/latex/graphics-def/pdf
tex.def
File: pdftex.def 2018/01/08 v1.0l Graphics/color driver for pdftex
)
Package xcolor Info: Model `cmy' substituted by `cmy0' on input line 1348.
Package xcolor Info: Model `hsb' substituted by `rgb' on input line 1352.
Package xcolor Info: Model `RGB' extended on input line 1364.
Package xcolor Info: Model `HTML' substituted by `rgb' on input line 1366.
Package xcolor Info: Model `Hsb' substituted by `hsb' on input line 1367.
Package xcolor Info: Model `tHsb' substituted by `hsb' on input line 1368.
Package xcolor Info: Model `HSB' substituted by `hsb' on input line 1369.
Package xcolor Info: Model `Gray' substituted by `gray' on input line 1370.
Package xcolor Info: Model `wave' substituted by `hsb' on input line 1371.

(c:/Users/us16120/AppData/Roaming/TinyTeX/texmf-dist/tex/latex/graphics/dvipsna
m.def
File: dvipsnam.def 2016/06/17 v3.0m Driver-dependent file (DPC,SPQR)
)
(c:/Users/us16120/AppData/Roaming/TinyTeX/texmf-dist/tex/latex/xcolor/svgnam.de
f
File: svgnam.def 2016/05/11 v2.12 Predefined colors according to SVG 1.1 (UK)
))
(c:/Users/us16120/AppData/Roaming/TinyTeX/texmf-dist/tex/latex/natbib/natbib.st
y
Package: natbib 2010/09/13 8.31b (PWD, AO)
\bibhang=\skip70
\bibsep=\skip71
LaTeX Info: Redefining \cite on input line 694.
\c@NAT@ctr=\count109
)
(c:/Users/us16120/AppData/Roaming/TinyTeX/texmf-dist/tex/latex/natbib/bibentry.
sty
Package: bibentry 2007/10/30 1.5 (PWD)
) (./ODSC_Document01.bbl)
\c@@tufte@num@bibkeys=\count110

(c:/Users/us16120/AppData/Roaming/TinyTeX/texmf-dist/tex/latex/sauerj/optparams
.sty
Package: optparams 2004/08/14 v0.9 multiple optional parameters in macros
)
\@tufte@sidenote@vertical@offset=\skip72

(c:/Users/us16120/AppData/Roaming/TinyTeX/texmf-dist/tex/latex/placeins/placein
s.sty
Package: placeins 2005/04/18  v 2.2
)
\@tufte@margin@floatbox=\box28
\@tufte@figure@box=\box29
\@tufte@caption@box=\box30
\@tufte@caption@vertical@offset=\skip73
\@tufte@float@contents@width=\skip74

(c:/Users/us16120/AppData/Roaming/TinyTeX/texmf-dist/tex/latex/fancyhdr/fancyhd
r.sty
Package: fancyhdr 2017/06/30 v3.9a Extensive control of page headers and footer
s
\f@nch@headwidth=\skip75
\f@nch@O@elh=\skip76
\f@nch@O@erh=\skip77
\f@nch@O@olh=\skip78
\f@nch@O@orh=\skip79
\f@nch@O@elf=\skip80
\f@nch@O@erf=\skip81
\f@nch@O@olf=\skip82
\f@nch@O@orf=\skip83
)
\tufteskipamount=\skip84

(c:/Users/us16120/AppData/Roaming/TinyTeX/texmf-dist/tex/latex/tools/multicol.s
ty
Package: multicol 2018/12/27 v1.8v multicolumn formatting (FMi)
\c@tracingmulticols=\count111
\mult@box=\box31
\multicol@leftmargin=\dimen124
\c@unbalance=\count112
\c@collectmore=\count113
\doublecol@number=\count114
\multicoltolerance=\count115
\multicolpretolerance=\count116
\full@width=\dimen125
\page@free=\dimen126
\premulticols=\dimen127
\postmulticols=\dimen128
\multicolsep=\skip85
\multicolbaselineskip=\skip86
\partial@page=\box32
\last@line=\box33
\maxbalancingoverflow=\dimen129
\mult@rightbox=\box34
\mult@grightbox=\box35
\mult@gfirstbox=\box36
\mult@firstbox=\box37
\@tempa=\box38
\@tempa=\box39
\@tempa=\box40
\@tempa=\box41
\@tempa=\box42
\@tempa=\box43
\@tempa=\box44
\@tempa=\box45
\@tempa=\box46
\@tempa=\box47
\@tempa=\box48
\@tempa=\box49
\@tempa=\box50
\@tempa=\box51
\@tempa=\box52
\@tempa=\box53
\@tempa=\box54
\c@columnbadness=\count117
\c@finalcolumnbadness=\count118
\last@try=\dimen130
\multicolovershoot=\dimen131
\multicolundershoot=\dimen132
\mult@nat@firstbox=\box55
\colbreak@box=\box56
\mc@col@check@num=\count119
)))
(c:/Users/us16120/AppData/Roaming/TinyTeX/texmf-dist/tex/latex/amsfonts/amssymb
.sty
Package: amssymb 2013/01/14 v3.01 AMS font symbols

(c:/Users/us16120/AppData/Roaming/TinyTeX/texmf-dist/tex/latex/amsfonts/amsfont
s.sty
Package: amsfonts 2013/01/14 v3.01 Basic AMSFonts support
\@emptytoks=\toks19
\symAMSa=\mathgroup4
\symAMSb=\mathgroup5
LaTeX Font Info:    Overwriting math alphabet `\mathfrak' in version `bold'
(Font)                  U/euf/m/n --> U/euf/b/n on input line 106.
))
(c:/Users/us16120/AppData/Roaming/TinyTeX/texmf-dist/tex/latex/amsmath/amsmath.
sty
Package: amsmath 2018/12/01 v2.17b AMS math features
\@mathmargin=\skip87
For additional information on amsmath, use the `?' option.

(c:/Users/us16120/AppData/Roaming/TinyTeX/texmf-dist/tex/latex/amsmath/amstext.
sty
Package: amstext 2000/06/29 v2.01 AMS text

(c:/Users/us16120/AppData/Roaming/TinyTeX/texmf-dist/tex/latex/amsmath/amsgen.s
ty
File: amsgen.sty 1999/11/30 v2.0 generic functions
\@emptytoks=\toks20
\ex@=\dimen133
))
(c:/Users/us16120/AppData/Roaming/TinyTeX/texmf-dist/tex/latex/amsmath/amsbsy.s
ty
Package: amsbsy 1999/11/29 v1.2d Bold Symbols
\pmbraise@=\dimen134
)
(c:/Users/us16120/AppData/Roaming/TinyTeX/texmf-dist/tex/latex/amsmath/amsopn.s
ty
Package: amsopn 2016/03/08 v2.02 operator names
)
\inf@bad=\count120
LaTeX Info: Redefining \frac on input line 223.
\uproot@=\count121
\leftroot@=\count122
LaTeX Info: Redefining \overline on input line 385.
\classnum@=\count123
\DOTSCASE@=\count124
LaTeX Info: Redefining \ldots on input line 482.
LaTeX Info: Redefining \dots on input line 485.
LaTeX Info: Redefining \cdots on input line 606.
\Mathstrutbox@=\box57
\strutbox@=\box58
\big@size=\dimen135
LaTeX Font Info:    Redeclaring font encoding OML on input line 729.
LaTeX Font Info:    Redeclaring font encoding OMS on input line 730.
\macc@depth=\count125
\c@MaxMatrixCols=\count126
\dotsspace@=\muskip11
\c@parentequation=\count127
\dspbrk@lvl=\count128
\tag@help=\toks21
\row@=\count129
\column@=\count130
\maxfields@=\count131
\andhelp@=\toks22
\eqnshift@=\dimen136
\alignsep@=\dimen137
\tagshift@=\dimen138
\tagwidth@=\dimen139
\totwidth@=\dimen140
\lineht@=\dimen141
\@envbody=\toks23
\multlinegap=\skip88
\multlinetaggap=\skip89
\mathdisplay@stack=\toks24
LaTeX Info: Redefining \[ on input line 2844.
LaTeX Info: Redefining \] on input line 2845.
)
(c:/Users/us16120/AppData/Roaming/TinyTeX/texmf-dist/tex/latex/base/fixltx2e.st
y
Package: fixltx2e 2016/12/29 v2.1a fixes to LaTeX (obsolete)
Applying: [2015/01/01] Old fixltx2e package on input line 46.

Package fixltx2e Warning: fixltx2e is not required with releases after 2015
(fixltx2e)                All fixes are now in the LaTeX kernel.
(fixltx2e)                See the latexrelease package for details.

Already applied: [0000/00/00] Old fixltx2e package on input line 53.
)
(c:/Users/us16120/AppData/Roaming/TinyTeX/texmf-dist/tex/latex/base/fontenc.sty
Package: fontenc 2018/08/11 v2.0j Standard LaTeX package
(c:/Users/us16120/AppData/Roaming/TinyTeX/texmf-dist/tex/latex/base/t1enc.def
File: t1enc.def 2018/08/11 v2.0j Standard LaTeX file
LaTeX Font Info:    Redeclaring font encoding T1 on input line 48.
))
(c:/Users/us16120/AppData/Roaming/TinyTeX/texmf-dist/tex/latex/base/inputenc.st
y
Package: inputenc 2018/08/11 v1.3c Input encoding file
\inpenc@prehook=\toks25
\inpenc@posthook=\toks26
)
(c:/Users/us16120/AppData/Roaming/TinyTeX/texmf-dist/tex/latex/graphics/graphic
x.sty
Package: graphicx 2017/06/01 v1.1a Enhanced LaTeX Graphics (DPC,SPQR)

(c:/Users/us16120/AppData/Roaming/TinyTeX/texmf-dist/tex/latex/graphics/graphic
s.sty
Package: graphics 2017/06/25 v1.2c Standard LaTeX Graphics (DPC,SPQR)

(c:/Users/us16120/AppData/Roaming/TinyTeX/texmf-dist/tex/latex/graphics/trig.st
y
Package: trig 2016/01/03 v1.10 sin cos tan (DPC)
)
(c:/Users/us16120/AppData/Roaming/TinyTeX/texmf-dist/tex/latex/graphics-cfg/gra
phics.cfg
File: graphics.cfg 2016/06/04 v1.11 sample graphics configuration
)
Package graphics Info: Driver file: pdftex.def on input line 99.
)
\Gin@req@height=\dimen142
\Gin@req@width=\dimen143
)
(c:/Users/us16120/AppData/Roaming/TinyTeX/texmf-dist/tex/latex/booktabs/booktab
s.sty
Package: booktabs 2016/04/27 v1.618033 publication quality tables
\heavyrulewidth=\dimen144
\lightrulewidth=\dimen145
\cmidrulewidth=\dimen146
\belowrulesep=\dimen147
\belowbottomsep=\dimen148
\aboverulesep=\dimen149
\abovetopsep=\dimen150
\cmidrulesep=\dimen151
\cmidrulekern=\dimen152
\defaultaddspace=\dimen153
\@cmidla=\count132
\@cmidlb=\count133
\@aboverulesep=\dimen154
\@belowrulesep=\dimen155
\@thisruleclass=\count134
\@lastruleclass=\count135
\@thisrulewidth=\dimen156
) (c:/Users/us16120/AppData/Roaming/TinyTeX/texmf-dist/tex/latex/units/units.st
y
Package: units 1998/08/04 v0.9b Typesetting units

(c:/Users/us16120/AppData/Roaming/TinyTeX/texmf-dist/tex/latex/units/nicefrac.s
ty
Package: nicefrac 1998/08/04 v0.9b Nice fractions
\L@UnitsRaiseDisplaystyle=\skip90
\L@UnitsRaiseTextstyle=\skip91
\L@UnitsRaiseScriptstyle=\skip92
))
(c:/Users/us16120/AppData/Roaming/TinyTeX/texmf-dist/tex/latex/fancyvrb/fancyvr
b.sty
Package: fancyvrb 2019/01/15
Style option: `fancyvrb' v3.2a <2019/01/15> (tvz)
\FV@CodeLineNo=\count136
\FV@InFile=\read1
\FV@TabBox=\box59
\c@FancyVerbLine=\count137
\FV@StepNumber=\count138
\FV@OutFile=\write3
)
(c:/Users/us16120/AppData/Roaming/TinyTeX/texmf-dist/tex/latex/framed/framed.st
y
Package: framed 2011/10/22 v 0.96: framed or shaded text with page breaks
\OuterFrameSep=\skip93
\fb@frw=\dimen157
\fb@frh=\dimen158
\FrameRule=\dimen159
\FrameSep=\dimen160
)
(c:/Users/us16120/AppData/Roaming/TinyTeX/texmf-dist/tex/latex/tools/longtable.
sty
Package: longtable 2014/10/28 v4.11 Multi-page Table package (DPC)+ FMi change
\LTleft=\skip94
\LTright=\skip95
\LTpre=\skip96
\LTpost=\skip97
\LTchunksize=\count139
\LTcapwidth=\dimen161
\LT@head=\box60
\LT@firsthead=\box61
\LT@foot=\box62
\LT@lastfoot=\box63
\LT@cols=\count140
\LT@rows=\count141
\c@LT@tables=\count142
\c@LT@chunks=\count143
\LT@p@ftn=\toks27
) (c:/Users/us16120/AppData/Roaming/TinyTeX/texmf-dist/tex/generic/ulem/ulem.st
y
\UL@box=\box64
\UL@hyphenbox=\box65
\UL@skip=\skip98
\UL@hook=\toks28
\UL@height=\dimen162
\UL@pe=\count144
\UL@pixel=\dimen163
\ULC@box=\box66
Package: ulem 2012/05/18
\ULdepth=\dimen164
)
(c:/Users/us16120/AppData/Roaming/TinyTeX/texmf-dist/tex/latex/morefloats/moref
loats.sty
Package: morefloats 2015/07/22 v1.0h Raise limit of unprocessed floats (HMM)
Package morefloats Info: Maximum number of possible floats asked for: 36
(morefloats)             (i.e. 18 more floats).
(morefloats)             LaTeX might run out of memory before this
(morefloats)             (in which case it will notify you).
)
(c:/Users/us16120/AppData/Roaming/TinyTeX/texmf-dist/tex/latex/roboto/roboto.st
y
Package: roboto 2017/04/10 (Bob Tennent) Supports Roboto fonts for all LaTeX en
gines.

(c:/Users/us16120/AppData/Roaming/TinyTeX/texmf-dist/tex/latex/base/textcomp.st
y
Package: textcomp 2018/08/11 v2.0j Standard LaTeX package
Package textcomp Info: Sub-encoding information:
(textcomp)               5 = only ISO-Adobe without \textcurrency
(textcomp)               4 = 5 + \texteuro
(textcomp)               3 = 4 + \textohm
(textcomp)               2 = 3 + \textestimated + \textcurrency
(textcomp)               1 = TS1 - \textcircled - \t
(textcomp)               0 = TS1 (full)
(textcomp)             Font families with sub-encoding setting implement
(textcomp)             only a restricted character set as indicated.
(textcomp)             Family '?' is the default used for unknown fonts.
(textcomp)             See the documentation for details.
Package textcomp Info: Setting ? sub-encoding to TS1/1 on input line 79.
(c:/Users/us16120/AppData/Roaming/TinyTeX/texmf-dist/tex/latex/base/ts1enc.def
File: ts1enc.def 2001/06/05 v3.0e (jk/car/fm) Standard LaTeX file
Now handling font encoding TS1 ...
... processing UTF-8 mapping file for font encoding TS1
(c:/Users/us16120/AppData/Roaming/TinyTeX/texmf-dist/tex/latex/base/ts1enc.dfu
File: ts1enc.dfu 2018/10/05 v1.2f UTF-8 support for inputenc
   defining Unicode char U+00A2 (decimal 162)
   defining Unicode char U+00A3 (decimal 163)
   defining Unicode char U+00A4 (decimal 164)
   defining Unicode char U+00A5 (decimal 165)
   defining Unicode char U+00A6 (decimal 166)
   defining Unicode char U+00A7 (decimal 167)
   defining Unicode char U+00A8 (decimal 168)
   defining Unicode char U+00A9 (decimal 169)
   defining Unicode char U+00AA (decimal 170)
   defining Unicode char U+00AC (decimal 172)
   defining Unicode char U+00AE (decimal 174)
   defining Unicode char U+00AF (decimal 175)
   defining Unicode char U+00B0 (decimal 176)
   defining Unicode char U+00B1 (decimal 177)
   defining Unicode char U+00B2 (decimal 178)
   defining Unicode char U+00B3 (decimal 179)
   defining Unicode char U+00B4 (decimal 180)
   defining Unicode char U+00B5 (decimal 181)
   defining Unicode char U+00B6 (decimal 182)
   defining Unicode char U+00B7 (decimal 183)
   defining Unicode char U+00B9 (decimal 185)
   defining Unicode char U+00BA (decimal 186)
   defining Unicode char U+00BC (decimal 188)
   defining Unicode char U+00BD (decimal 189)
   defining Unicode char U+00BE (decimal 190)
   defining Unicode char U+00D7 (decimal 215)
   defining Unicode char U+00F7 (decimal 247)
   defining Unicode char U+0192 (decimal 402)
   defining Unicode char U+02C7 (decimal 711)
   defining Unicode char U+02D8 (decimal 728)
   defining Unicode char U+02DD (decimal 733)
   defining Unicode char U+0E3F (decimal 3647)
   defining Unicode char U+2016 (decimal 8214)
   defining Unicode char U+2020 (decimal 8224)
   defining Unicode char U+2021 (decimal 8225)
   defining Unicode char U+2022 (decimal 8226)
   defining Unicode char U+2030 (decimal 8240)
   defining Unicode char U+2031 (decimal 8241)
   defining Unicode char U+203B (decimal 8251)
   defining Unicode char U+203D (decimal 8253)
   defining Unicode char U+2044 (decimal 8260)
   defining Unicode char U+204E (decimal 8270)
   defining Unicode char U+2052 (decimal 8274)
   defining Unicode char U+20A1 (decimal 8353)
   defining Unicode char U+20A4 (decimal 8356)
   defining Unicode char U+20A6 (decimal 8358)
   defining Unicode char U+20A9 (decimal 8361)
   defining Unicode char U+20AB (decimal 8363)
   defining Unicode char U+20AC (decimal 8364)
   defining Unicode char U+20B1 (decimal 8369)
   defining Unicode char U+2103 (decimal 8451)
   defining Unicode char U+2116 (decimal 8470)
   defining Unicode char U+2117 (decimal 8471)
   defining Unicode char U+211E (decimal 8478)
   defining Unicode char U+2120 (decimal 8480)
   defining Unicode char U+2122 (decimal 8482)
   defining Unicode char U+2126 (decimal 8486)
   defining Unicode char U+2127 (decimal 8487)
   defining Unicode char U+212E (decimal 8494)
   defining Unicode char U+2190 (decimal 8592)
   defining Unicode char U+2191 (decimal 8593)
   defining Unicode char U+2192 (decimal 8594)
   defining Unicode char U+2193 (decimal 8595)
   defining Unicode char U+2329 (decimal 9001)
   defining Unicode char U+232A (decimal 9002)
   defining Unicode char U+2422 (decimal 9250)
   defining Unicode char U+25E6 (decimal 9702)
   defining Unicode char U+25EF (decimal 9711)
   defining Unicode char U+266A (decimal 9834)
   defining Unicode char U+FEFF (decimal 65279)
))
LaTeX Info: Redefining \oldstylenums on input line 334.
Package textcomp Info: Setting cmr sub-encoding to TS1/0 on input line 349.
Package textcomp Info: Setting cmss sub-encoding to TS1/0 on input line 350.
Package textcomp Info: Setting cmtt sub-encoding to TS1/0 on input line 351.
Package textcomp Info: Setting cmvtt sub-encoding to TS1/0 on input line 352.
Package textcomp Info: Setting cmbr sub-encoding to TS1/0 on input line 353.
Package textcomp Info: Setting cmtl sub-encoding to TS1/0 on input line 354.
Package textcomp Info: Setting ccr sub-encoding to TS1/0 on input line 355.
Package textcomp Info: Setting ptm sub-encoding to TS1/4 on input line 356.
Package textcomp Info: Setting pcr sub-encoding to TS1/4 on input line 357.
Package textcomp Info: Setting phv sub-encoding to TS1/4 on input line 358.
Package textcomp Info: Setting ppl sub-encoding to TS1/3 on input line 359.
Package textcomp Info: Setting pag sub-encoding to TS1/4 on input line 360.
Package textcomp Info: Setting pbk sub-encoding to TS1/4 on input line 361.
Package textcomp Info: Setting pnc sub-encoding to TS1/4 on input line 362.
Package textcomp Info: Setting pzc sub-encoding to TS1/4 on input line 363.
Package textcomp Info: Setting bch sub-encoding to TS1/4 on input line 364.
Package textcomp Info: Setting put sub-encoding to TS1/5 on input line 365.
Package textcomp Info: Setting uag sub-encoding to TS1/5 on input line 366.
Package textcomp Info: Setting ugq sub-encoding to TS1/5 on input line 367.
Package textcomp Info: Setting ul8 sub-encoding to TS1/4 on input line 368.
Package textcomp Info: Setting ul9 sub-encoding to TS1/4 on input line 369.
Package textcomp Info: Setting augie sub-encoding to TS1/5 on input line 370.
Package textcomp Info: Setting dayrom sub-encoding to TS1/3 on input line 371.
Package textcomp Info: Setting dayroms sub-encoding to TS1/3 on input line 372.

Package textcomp Info: Setting pxr sub-encoding to TS1/0 on input line 373.
Package textcomp Info: Setting pxss sub-encoding to TS1/0 on input line 374.
Package textcomp Info: Setting pxtt sub-encoding to TS1/0 on input line 375.
Package textcomp Info: Setting txr sub-encoding to TS1/0 on input line 376.
Package textcomp Info: Setting txss sub-encoding to TS1/0 on input line 377.
Package textcomp Info: Setting txtt sub-encoding to TS1/0 on input line 378.
Package textcomp Info: Setting lmr sub-encoding to TS1/0 on input line 379.
Package textcomp Info: Setting lmdh sub-encoding to TS1/0 on input line 380.
Package textcomp Info: Setting lmss sub-encoding to TS1/0 on input line 381.
Package textcomp Info: Setting lmssq sub-encoding to TS1/0 on input line 382.
Package textcomp Info: Setting lmvtt sub-encoding to TS1/0 on input line 383.
Package textcomp Info: Setting lmtt sub-encoding to TS1/0 on input line 384.
Package textcomp Info: Setting qhv sub-encoding to TS1/0 on input line 385.
Package textcomp Info: Setting qag sub-encoding to TS1/0 on input line 386.
Package textcomp Info: Setting qbk sub-encoding to TS1/0 on input line 387.
Package textcomp Info: Setting qcr sub-encoding to TS1/0 on input line 388.
Package textcomp Info: Setting qcs sub-encoding to TS1/0 on input line 389.
Package textcomp Info: Setting qpl sub-encoding to TS1/0 on input line 390.
Package textcomp Info: Setting qtm sub-encoding to TS1/0 on input line 391.
Package textcomp Info: Setting qzc sub-encoding to TS1/0 on input line 392.
Package textcomp Info: Setting qhvc sub-encoding to TS1/0 on input line 393.
Package textcomp Info: Setting futs sub-encoding to TS1/4 on input line 394.
Package textcomp Info: Setting futx sub-encoding to TS1/4 on input line 395.
Package textcomp Info: Setting futj sub-encoding to TS1/4 on input line 396.
Package textcomp Info: Setting hlh sub-encoding to TS1/3 on input line 397.
Package textcomp Info: Setting hls sub-encoding to TS1/3 on input line 398.
Package textcomp Info: Setting hlst sub-encoding to TS1/3 on input line 399.
Package textcomp Info: Setting hlct sub-encoding to TS1/5 on input line 400.
Package textcomp Info: Setting hlx sub-encoding to TS1/5 on input line 401.
Package textcomp Info: Setting hlce sub-encoding to TS1/5 on input line 402.
Package textcomp Info: Setting hlcn sub-encoding to TS1/5 on input line 403.
Package textcomp Info: Setting hlcw sub-encoding to TS1/5 on input line 404.
Package textcomp Info: Setting hlcf sub-encoding to TS1/5 on input line 405.
Package textcomp Info: Setting pplx sub-encoding to TS1/3 on input line 406.
Package textcomp Info: Setting pplj sub-encoding to TS1/3 on input line 407.
Package textcomp Info: Setting ptmx sub-encoding to TS1/4 on input line 408.
Package textcomp Info: Setting ptmj sub-encoding to TS1/4 on input line 409.
)
(c:/Users/us16120/AppData/Roaming/TinyTeX/texmf-dist/tex/latex/base/fontenc.sty
Package: fontenc 2018/08/11 v2.0j Standard LaTeX package
)
(c:/Users/us16120/AppData/Roaming/TinyTeX/texmf-dist/tex/latex/fontaxes/fontaxe
s.sty
Package: fontaxes 2014/03/23 v1.0d Font selection axes
LaTeX Info: Redefining \upshape on input line 29.
LaTeX Info: Redefining \itshape on input line 31.
LaTeX Info: Redefining \slshape on input line 33.
LaTeX Info: Redefining \scshape on input line 37.
)
(c:/Users/us16120/AppData/Roaming/TinyTeX/texmf-dist/tex/latex/mweights/mweight
s.sty
Package: mweights 2017/03/30 (Bob Tennent) Support package for multiple-weight 
font packages. 
LaTeX Info: Redefining \bfseries on input line 22.
LaTeX Info: Redefining \mdseries on input line 30.
LaTeX Info: Redefining \rmfamily on input line 38.
LaTeX Info: Redefining \sffamily on input line 66.
LaTeX Info: Redefining \ttfamily on input line 94.
)
LaTeX Info: Redefining \oldstylenums on input line 189.
)
Package hyperref Info: Option `colorlinks' set `true' on input line 128.
(./ODSC_Document01.aux)
\openout1 = `ODSC_Document01.aux'.

LaTeX Font Info:    Checking defaults for OML/cmm/m/it on input line 250.
LaTeX Font Info:    ... okay on input line 250.
LaTeX Font Info:    Checking defaults for T1/cmr/m/n on input line 250.
LaTeX Font Info:    ... okay on input line 250.
LaTeX Font Info:    Checking defaults for OT1/cmr/m/n on input line 250.
LaTeX Font Info:    ... okay on input line 250.
LaTeX Font Info:    Checking defaults for OMS/cmsy/m/n on input line 250.
LaTeX Font Info:    ... okay on input line 250.
LaTeX Font Info:    Checking defaults for OMX/cmex/m/n on input line 250.
LaTeX Font Info:    ... okay on input line 250.
LaTeX Font Info:    Checking defaults for U/cmr/m/n on input line 250.
LaTeX Font Info:    ... okay on input line 250.
LaTeX Font Info:    Checking defaults for PD1/pdf/m/n on input line 250.
LaTeX Font Info:    ... okay on input line 250.
LaTeX Font Info:    Checking defaults for PU/pdf/m/n on input line 250.
LaTeX Font Info:    ... okay on input line 250.
LaTeX Font Info:    Checking defaults for TS1/cmr/m/n on input line 250.
LaTeX Font Info:    Try loading font information for TS1+cmr on input line 250.

(c:/Users/us16120/AppData/Roaming/TinyTeX/texmf-dist/tex/latex/base/ts1cmr.fd
File: ts1cmr.fd 2014/09/29 v2.5h Standard LaTeX font definitions
)
LaTeX Font Info:    ... okay on input line 250.
LaTeX Font Info:    Try loading font information for T1+RobotoCondensed-LF on i
nput line 250.

(c:/Users/us16120/AppData/Roaming/TinyTeX/texmf-dist/tex/latex/roboto/T1RobotoC
ondensed-LF.fd
File: T1RobotoCondensed-LF.fd 2015/09/15 (autoinst) Font definitions for T1/Rob
otoCondensed-LF.
)
LaTeX Font Info:    Font shape `T1/RobotoCondensed-LF/m/n' will be
(Font)              scaled to size 10.0pt on input line 250.
\AtBeginShipoutBox=\box67
Package hyperref Info: Link coloring ON on input line 250.

(c:/Users/us16120/AppData/Roaming/TinyTeX/texmf-dist/tex/latex/hyperref/nameref
.sty
Package: nameref 2016/05/21 v2.44 Cross-referencing by name of section

(c:/Users/us16120/AppData/Roaming/TinyTeX/texmf-dist/tex/generic/oberdiek/getti
tlestring.sty
Package: gettitlestring 2016/05/16 v1.5 Cleanup title references (HO)
)
\c@section@level=\count145
)
LaTeX Info: Redefining \ref on input line 250.
LaTeX Info: Redefining \pageref on input line 250.
LaTeX Info: Redefining \nameref on input line 250.
(./ODSC_Document01.out) (./ODSC_Document01.out)
\@outlinefile=\write4
\openout4 = `ODSC_Document01.out'.

ABD: EverySelectfont initializing macros
LaTeX Info: Redefining \selectfont on input line 250.
*geometry* driver: auto-detecting
*geometry* detected driver: pdftex
*geometry* verbose mode - [ preamble ] result:
* driver: pdftex
* paper: letterpaper
* layout: <same size as paper>
* layoutoffset:(h,v)=(0.0pt,0.0pt)
* modes: twoside asymmetric 
* h-part:(L,W,R)=(72.26999pt, 312.0pt, 230.02501pt)
* v-part:(T,H,B)=(72.26999pt, 616.0pt, 106.7pt)
* \paperwidth=614.295pt
* \paperheight=794.96999pt
* \textwidth=312.0pt
* \textheight=616.0pt
* \oddsidemargin=0.0pt
* \evensidemargin=0.0pt
* \topmargin=-42.0pt
* \headheight=14.0pt
* \headsep=28.0pt
* \topskip=10.0pt
* \footskip=30.0pt
* \marginparwidth=144.0pt
* \marginparsep=24.0pt
* \columnsep=10.0pt
* \skip\footins=9.0pt plus 4.0pt minus 2.0pt
* \hoffset=0.0pt
* \voffset=0.0pt
* \mag=1000
* \@twocolumnfalse
* \@twosidetrue
* \@mparswitchfalse
* \@reversemarginfalse
* (1in=72.27pt=25.4mm, 1cm=28.453pt)


(c:/Users/us16120/AppData/Roaming/TinyTeX/texmf-dist/tex/latex/oberdiek/epstopd
f-base.sty
Package: epstopdf-base 2016/05/15 v2.6 Base part for package epstopdf

(c:/Users/us16120/AppData/Roaming/TinyTeX/texmf-dist/tex/latex/oberdiek/grfext.
sty
Package: grfext 2016/05/16 v1.2 Manage graphics extensions (HO)
)
Package epstopdf-base Info: Redefining graphics rule for `.eps' on input line 4
38.
Package grfext Info: Graphics extension search list:
(grfext)             [.pdf,.png,.jpg,.mps,.jpeg,.jbig2,.jb2,.PDF,.PNG,.JPG,.JPE
G,.JBIG2,.JB2,.eps]
(grfext)             \AppendGraphicsExtensions on input line 456.

(c:/Users/us16120/AppData/Roaming/TinyTeX/texmf-dist/tex/latex/latexconfig/epst
opdf-sys.cfg
File: epstopdf-sys.cfg 2010/07/13 v1.3 Configuration of (r)epstopdf for TeX Liv
e
))
\langwohyphens=\language3
\c@mv@tabular=\count146
\c@mv@boldtabular=\count147
LaTeX Font Info:    Font shape `T1/RobotoCondensed-LF/b/n' will be
(Font)              scaled to size 10.0pt on input line 252.
LaTeX Font Info:    Font shape `T1/RobotoCondensed-LF/b/n' will be
(Font)              scaled to size 14.4pt on input line 252.
LaTeX Font Info:    Font shape `T1/RobotoCondensed-LF/l/n' will be
(Font)              scaled to size 10.0pt on input line 252.
LaTeX Font Info:    Font shape `T1/RobotoCondensed-LF/l/n' will be
(Font)              scaled to size 12.0pt on input line 252.
LaTeX Font Info:    Font shape `T1/RobotoCondensed-LF/m/n' will be
(Font)              scaled to size 10.95pt on input line 258.
LaTeX Font Info:    Try loading font information for U+msa on input line 258.

(c:/Users/us16120/AppData/Roaming/TinyTeX/texmf-dist/tex/latex/amsfonts/umsa.fd
File: umsa.fd 2013/01/14 v3.01 AMS symbols A
)
LaTeX Font Info:    Try loading font information for U+msb on input line 258.

(c:/Users/us16120/AppData/Roaming/TinyTeX/texmf-dist/tex/latex/amsfonts/umsb.fd
File: umsb.fd 2013/01/14 v3.01 AMS symbols B
)
LaTeX Font Info:    Font shape `T1/RobotoCondensed-LF/m/n' will be
(Font)              scaled to size 8.0pt on input line 258.
LaTeX Font Info:    Font shape `T1/RobotoCondensed-LF/m/n' will be
(Font)              scaled to size 6.0pt on input line 258.
LaTeX Font Info:    Font shape `T1/RobotoCondensed-LF/m/n' will be
(Font)              scaled to size 5.0pt on input line 258.
<graphics/odsc.jpg, id=4, 461.725pt x 230.8625pt>
File: graphics/odsc.jpg Graphic file (type jpg)
<use graphics/odsc.jpg>
Package pdftex.def Info: graphics/odsc.jpg  used on input line 258.
(pdftex.def)             Requested size: 143.99985pt x 71.99991pt.

Overfull \hbox (3.74745pt too wide) in paragraph at lines 258--258
$[]$[]  
 []

LaTeX Font Info:    Font shape `T1/RobotoCondensed-LF/m/n' will be
(Font)              scaled to size 7.0pt on input line 262.

LaTeX Warning: Marginpar on page 1 moved.


LaTeX Warning: Marginpar on page 1 moved.

LaTeX Font Info:    Try loading font information for T1+cmtt on input line 268.

(c:/Users/us16120/AppData/Roaming/TinyTeX/texmf-dist/tex/latex/base/t1cmtt.fd
File: t1cmtt.fd 2014/09/29 v2.5h Standard LaTeX font definitions
)
LaTeX Font Info:    Font shape `T1/cmtt/bx/n' in size <10> not available
(Font)              Font shape `T1/cmtt/m/n' tried instead on input line 270.

Overfull \hbox (107.5147pt too wide) in alignment at lines 279--285
 [] [] [] [] [] [] [] [] [] 
 []


Overfull \hbox (107.5147pt too wide) in alignment at lines 285--290
 [] [] [] [] [] [] [] [] [] 
 []


Overfull \hbox (107.5147pt too wide) in alignment at lines 290--304
 [] [] [] [] [] [] [] [] [] 
 []

<ODSC_Document01_files/figure-latex/endpoint_distribution-1.pdf, id=8, 289.08pt
 x 180.675pt>
File: ODSC_Document01_files/figure-latex/endpoint_distribution-1.pdf Graphic fi
le (type pdf)
<use ODSC_Document01_files/figure-latex/endpoint_distribution-1.pdf>
Package pdftex.def Info: ODSC_Document01_files/figure-latex/endpoint_distributi
on-1.pdf  used on input line 321.
(pdftex.def)             Requested size: 312.01648pt x 195.01028pt.

Overfull \hbox (12.01648pt too wide) in paragraph at lines 321--322
[][]  
 []

[1

{c:/Users/us16120/AppData/Roaming/TinyTeX/texmf-var/fonts/map/pdftex/updmap/pdf
tex.map} <./graphics/odsc.jpg>]
LaTeX Font Info:    Try loading font information for TS1+RobotoCondensed-LF on 
input line 330.

(c:/Users/us16120/AppData/Roaming/TinyTeX/texmf-dist/tex/latex/roboto/TS1Roboto
Condensed-LF.fd
File: TS1RobotoCondensed-LF.fd 2015/09/15 (autoinst) Font definitions for TS1/R
obotoCondensed-LF.
)
LaTeX Font Info:    Font shape `TS1/RobotoCondensed-LF/m/n' will be
(Font)              scaled to size 10.0pt on input line 330.
<ODSC_Document01_files/figure-latex/train_test-1.pdf, id=26, 289.08pt x 180.675
pt>
File: ODSC_Document01_files/figure-latex/train_test-1.pdf Graphic file (type pd
f)
<use ODSC_Document01_files/figure-latex/train_test-1.pdf>
Package pdftex.def Info: ODSC_Document01_files/figure-latex/train_test-1.pdf  u
sed on input line 335.
(pdftex.def)             Requested size: 312.01648pt x 195.01028pt.

Overfull \hbox (12.01648pt too wide) in paragraph at lines 335--336
[][]  
 []

LaTeX Font Info:    Font shape `T1/RobotoCondensed-LF/m/sc' will be
(Font)              scaled to size 10.0pt on input line 357.
[2 <./ODSC_Document01_files/figure-latex/endpoint_distribution-1.pdf> <./ODSC_D
ocument01_files/figure-latex/train_test-1.pdf>] [3]
<ODSC_Document01_files/figure-latex/pca-1.pdf, id=55, 289.08pt x 180.675pt>
File: ODSC_Document01_files/figure-latex/pca-1.pdf Graphic file (type pdf)
<use ODSC_Document01_files/figure-latex/pca-1.pdf>
Package pdftex.def Info: ODSC_Document01_files/figure-latex/pca-1.pdf  used on 
input line 476.
(pdftex.def)             Requested size: 312.01648pt x 195.01028pt.
[4] (./ODSC_Document01.bbl
LaTeX Font Info:    Font shape `T1/RobotoCondensed-LF/b/n' will be
(Font)              scaled to size 12.0pt on input line 1.
LaTeX Font Info:    Font shape `T1/RobotoCondensed-LF/m/it' will be
(Font)              scaled to size 10.0pt on input line 12.
)
Package atveryend Info: Empty hook `BeforeClearDocument' on input line 492.
[5 <./ODSC_Document01_files/figure-latex/pca-1.pdf>]
Package atveryend Info: Empty hook `AfterLastShipout' on input line 492.
(./ODSC_Document01.aux)
Package atveryend Info: Executing hook `AtVeryEndDocument' on input line 492.
Package atveryend Info: Executing hook `AtEndAfterFileList' on input line 492.
Package rerunfilecheck Info: File `ODSC_Document01.out' has not changed.
(rerunfilecheck)             Checksum: D41D8CD98F00B204E9800998ECF8427E;0.
Package atveryend Info: Empty hook `AtVeryVeryEnd' on input line 492.
 ) 
Here is how much of TeX's memory you used:
 13826 strings out of 494562
 203695 string characters out of 6175930
 298807 words of memory out of 5000000
 17186 multiletter control sequences out of 15000+600000
 83116 words of font info for 69 fonts, out of 8000000 for 9000
 14 hyphenation exceptions out of 8191
 40i,11n,51p,336b,499s stack positions out of 5000i,500n,10000p,200000b,80000s
{c:/Users/us16120/AppData/Roaming/TinyTeX/texmf-dist/fonts/enc/dvips/roboto/r
bto_idpkzy.enc}{c:/Users/us16120/AppData/Roaming/TinyTeX/texmf-dist/fonts/enc/d
vips/roboto/rbto_bergpl.enc}{c:/Users/us16120/AppData/Roaming/TinyTeX/texmf-dis
t/fonts/enc/dvips/roboto/rbto_v5svcm.enc} <c:/Users/us16120/Documents/.TinyTeX/
texmf-var/fonts/pk/ljfour/jknappen/ec/ectt1000.600pk><c:/Users/us16120/AppData/
Roaming/TinyTeX/texmf-dist/fonts/type1/google/roboto/RobotoCondensed-Bold.pfb><
c:/Users/us16120/AppData/Roaming/TinyTeX/texmf-dist/fonts/type1/google/roboto/R
obotoCondensed-Italic.pfb><c:/Users/us16120/AppData/Roaming/TinyTeX/texmf-dist/
fonts/type1/google/roboto/RobotoCondensed-Light.pfb><c:/Users/us16120/AppData/R
oaming/TinyTeX/texmf-dist/fonts/type1/google/roboto/RobotoCondensed-Regular.pfb
>
Output written on ODSC_Document01.pdf (5 pages, 220852 bytes).
PDF statistics:
 181 PDF objects out of 1000 (max. 8388607)
 86 compressed objects within 1 object stream
 26 named destinations out of 1000 (max. 500000)
 1045 words of extra memory for PDF output out of 10000 (max. 10000000)

